Selecting best result for deb2
    The best is mocde-5
    Copied 5 files!
Selecting best result for deb3
    The best is mocde-4
    Copied 5 files!
Selecting best result for dtlz1
    The best is mocde-10
    Copied 5 files!
Selecting best result for dtlz2
    The best is mocde-15
    Copied 5 files!
Selecting best result for dtlz3
    The best is mocde-9
    Copied 5 files!
Selecting best result for dtlz4
    The best is mocde-1
    Copied 5 files!
Selecting best result for dtlz5
    The best is mocde-5
    Copied 5 files!
Selecting best result for dtlz6
    The best is mocde-6
    Copied 5 files!
Selecting best result for dtlz7
    The best is mocde-12
    Copied 5 files!
Selecting best result for fonseca2
    The best is mocde-9
    Copied 5 files!
Selecting best result for kursawe
    The best is mocde-7
    Copied 5 files!
Selecting best result for uf1
    The best is mocde-15
    Copied 5 files!
Selecting best result for uf10
    The best is mocde-0.5
    Copied 5 files!
Selecting best result for uf2
    The best is mocde-7
    Copied 5 files!
Selecting best result for uf3
    The best is mocde-0.5
    Copied 5 files!
Selecting best result for uf4
    The best is mocde-14
    Copied 5 files!
Selecting best result for uf5
    The best is mocde-6
    Copied 5 files!
Selecting best result for uf6
    The best is mocde-0.5
    Copied 5 files!
Selecting best result for uf7
    The best is mocde-3
    Copied 5 files!
Selecting best result for uf8
    The best is mocde-1
    Copied 5 files!
Selecting best result for uf9
    The best is mocde-1
    Copied 5 files!
Selecting best result for zdt1
    The best is mocde-4
    Copied 5 files!
Selecting best result for zdt2
    The best is mocde-4
    Copied 5 files!
Selecting best result for zdt3
    The best is mocde-3
    Copied 5 files!
Selecting best result for zdt4
    The best is mocde-7
    Copied 5 files!
Selecting best result for zdt6
    The best is mocde-15
    Copied 5 files!
